# JRE version: Java(TM) SE Runtime Environment (8.0_361) (build 1.8.0_361-b09)
# Java VM: Java HotSpot(TM) 64-Bit Server VM (25.361-b09 mixed mode windows-amd64 compressed oops)
Heap:
 PSYoungGen      total 101376K, used 24360K [0x00000000d7300000, 0x00000000de200000, 0x0000000100000000)
  eden space 90112K, 14% used [0x00000000d7300000,0x00000000d7fd03f8,0x00000000dcb00000)
  from space 11264K, 99% used [0x00000000dcb00000,0x00000000dd5f9f08,0x00000000dd600000)
  to   space 8704K, 0% used [0x00000000dd600000,0x00000000dd600000,0x00000000dde80000)
 ParOldGen       total 98304K, used 20481K [0x0000000085800000, 0x000000008b800000, 0x00000000d7300000)
  object space 98304K, 20% used [0x0000000085800000,0x0000000086c005e8,0x000000008b800000)
 Metaspace       used 50406K, capacity 52812K, committed 53208K, reserved 1095680K
  class space    used 6850K, capacity 7297K, committed 7384K, reserved 1048576K
GC Heap History (10 events):
Event: 1.133 GC heap before
{Heap before GC invocations=5 (full 1):
 PSYoungGen      total 68608K, used 5102K [0x00000000d7300000, 0x00000000dbb00000, 0x0000000100000000)
  eden space 63488K, 0% used [0x00000000d7300000,0x00000000d7300000,0x00000000db100000)
  from space 5120K, 99% used [0x00000000db600000,0x00000000dbafba70,0x00000000dbb00000)
  to   space 5120K, 0% used [0x00000000db100000,0x00000000db100000,0x00000000db600000)
 ParOldGen       total 84992K, used 6305K [0x0000000085800000, 0x000000008ab00000, 0x00000000d7300000)
  object space 84992K, 7% used [0x0000000085800000,0x0000000085e28408,0x000000008ab00000)
 Metaspace       used 20337K, capacity 21164K, committed 21248K, reserved 1067008K
  class space    used 2527K, capacity 2750K, committed 2816K, reserved 1048576K
Event: 1.159 GC heap after
Heap after GC invocations=5 (full 1):
 PSYoungGen      total 68608K, used 0K [0x00000000d7300000, 0x00000000dbb00000, 0x0000000100000000)
  eden space 63488K, 0% used [0x00000000d7300000,0x00000000d7300000,0x00000000db100000)
  from space 5120K, 0% used [0x00000000db600000,0x00000000db600000,0x00000000dbb00000)
  to   space 5120K, 0% used [0x00000000db100000,0x00000000db100000,0x00000000db600000)
 ParOldGen       total 58880K, used 7020K [0x0000000085800000, 0x0000000089180000, 0x00000000d7300000)
  object space 58880K, 11% used [0x0000000085800000,0x0000000085edb300,0x0000000089180000)
 Metaspace       used 20337K, capacity 21164K, committed 21248K, reserved 1067008K
  class space    used 2527K, capacity 2750K, committed 2816K, reserved 1048576K
}
Event: 1.714 GC heap before
{Heap before GC invocations=6 (full 1):
 PSYoungGen      total 68608K, used 63488K [0x00000000d7300000, 0x00000000dbb00000, 0x0000000100000000)
  eden space 63488K, 100% used [0x00000000d7300000,0x00000000db100000,0x00000000db100000)
  from space 5120K, 0% used [0x00000000db600000,0x00000000db600000,0x00000000dbb00000)
  to   space 5120K, 0% used [0x00000000db100000,0x00000000db100000,0x00000000db600000)
 ParOldGen       total 58880K, used 7020K [0x0000000085800000, 0x0000000089180000, 0x00000000d7300000)
  object space 58880K, 11% used [0x0000000085800000,0x0000000085edb300,0x0000000089180000)
 Metaspace       used 25171K, capacity 26520K, committed 26624K, reserved 1073152K
  class space    used 3235K, capacity 3514K, committed 3584K, reserved 1048576K
Event: 1.719 GC heap after
Heap after GC invocations=6 (full 1):
 PSYoungGen      total 68608K, used 5114K [0x00000000d7300000, 0x00000000dde80000, 0x0000000100000000)
  eden space 63488K, 0% used [0x00000000d7300000,0x00000000d7300000,0x00000000db100000)
  from space 5120K, 99% used [0x00000000db100000,0x00000000db5fea90,0x00000000db600000)
  to   space 8704K, 0% used [0x00000000dd600000,0x00000000dd600000,0x00000000dde80000)
 ParOldGen       total 58880K, used 9401K [0x0000000085800000, 0x0000000089180000, 0x00000000d7300000)
  object space 58880K, 15% used [0x0000000085800000,0x000000008612e5f0,0x0000000089180000)
 Metaspace       used 25171K, capacity 26520K, committed 26624K, reserved 1073152K
  class space    used 3235K, capacity 3514K, committed 3584K, reserved 1048576K
}
Event: 2.569 GC heap before
{Heap before GC invocations=7 (full 1):
 PSYoungGen      total 68608K, used 65858K [0x00000000d7300000, 0x00000000dde80000, 0x0000000100000000)
  eden space 63488K, 95% used [0x00000000d7300000,0x00000000dae520d0,0x00000000db100000)
  from space 5120K, 99% used [0x00000000db100000,0x00000000db5fea90,0x00000000db600000)
  to   space 8704K, 0% used [0x00000000dd600000,0x00000000dd600000,0x00000000dde80000)
 ParOldGen       total 58880K, used 9401K [0x0000000085800000, 0x0000000089180000, 0x00000000d7300000)
  object space 58880K, 15% used [0x0000000085800000,0x000000008612e5f0,0x0000000089180000)
 Metaspace       used 33303K, capacity 35340K, committed 35416K, reserved 1079296K
  class space    used 4305K, capacity 4671K, committed 4696K, reserved 1048576K
Event: 2.579 GC heap after
Heap after GC invocations=7 (full 1):
 PSYoungGen      total 98816K, used 8686K [0x00000000d7300000, 0x00000000de200000, 0x0000000100000000)
  eden space 90112K, 0% used [0x00000000d7300000,0x00000000d7300000,0x00000000dcb00000)
  from space 8704K, 99% used [0x00000000dd600000,0x00000000dde7b878,0x00000000dde80000)
  to   space 11264K, 0% used [0x00000000dcb00000,0x00000000dcb00000,0x00000000dd600000)
 ParOldGen       total 58880K, used 12203K [0x0000000085800000, 0x0000000089180000, 0x00000000d7300000)
  object space 58880K, 20% used [0x0000000085800000,0x00000000863eaef0,0x0000000089180000)
 Metaspace       used 33303K, capacity 35340K, committed 35416K, reserved 1079296K
  class space    used 4305K, capacity 4671K, committed 4696K, reserved 1048576K
}
Event: 2.579 GC heap before
{Heap before GC invocations=8 (full 2):
 PSYoungGen      total 98816K, used 8686K [0x00000000d7300000, 0x00000000de200000, 0x0000000100000000)
  eden space 90112K, 0% used [0x00000000d7300000,0x00000000d7300000,0x00000000dcb00000)
  from space 8704K, 99% used [0x00000000dd600000,0x00000000dde7b878,0x00000000dde80000)
  to   space 11264K, 0% used [0x00000000dcb00000,0x00000000dcb00000,0x00000000dd600000)
 ParOldGen       total 58880K, used 12203K [0x0000000085800000, 0x0000000089180000, 0x00000000d7300000)
  object space 58880K, 20% used [0x0000000085800000,0x00000000863eaef0,0x0000000089180000)
 Metaspace       used 33303K, capacity 35340K, committed 35416K, reserved 1079296K
  class space    used 4305K, capacity 4671K, committed 4696K, reserved 1048576K
Event: 2.627 GC heap after
Heap after GC invocations=8 (full 2):
 PSYoungGen      total 98816K, used 0K [0x00000000d7300000, 0x00000000de200000, 0x0000000100000000)
  eden space 90112K, 0% used [0x00000000d7300000,0x00000000d7300000,0x00000000dcb00000)
  from space 8704K, 0% used [0x00000000dd600000,0x00000000dd600000,0x00000000dde80000)
  to   space 11264K, 0% used [0x00000000dcb00000,0x00000000dcb00000,0x00000000dd600000)
 ParOldGen       total 98304K, used 15775K [0x0000000085800000, 0x000000008b800000, 0x00000000d7300000)
  object space 98304K, 16% used [0x0000000085800000,0x0000000086767d10,0x000000008b800000)
 Metaspace       used 33303K, capacity 35340K, committed 35416K, reserved 1079296K
  class space    used 4305K, capacity 4671K, committed 4696K, reserved 1048576K
}
Event: 3.932 GC heap before
{Heap before GC invocations=9 (full 2):
 PSYoungGen      total 98816K, used 90112K [0x00000000d7300000, 0x00000000de200000, 0x0000000100000000)
  eden space 90112K, 100% used [0x00000000d7300000,0x00000000dcb00000,0x00000000dcb00000)
  from space 8704K, 0% used [0x00000000dd600000,0x00000000dd600000,0x00000000dde80000)
  to   space 11264K, 0% used [0x00000000dcb00000,0x00000000dcb00000,0x00000000dd600000)
 ParOldGen       total 98304K, used 15775K [0x0000000085800000, 0x000000008b800000, 0x00000000d7300000)
  object space 98304K, 16% used [0x0000000085800000,0x0000000086767d10,0x000000008b800000)
 Metaspace       used 48546K, capacity 50920K, committed 51288K, reserved 1093632K
  class space    used 6551K, capacity 6955K, committed 7000K, reserved 1048576K
Event: 3.947 GC heap after
Heap after GC invocations=9 (full 2):
 PSYoungGen      total 101376K, used 11239K [0x00000000d7300000, 0x00000000de200000, 0x0000000100000000)
  eden space 90112K, 0% used [0x00000000d7300000,0x00000000d7300000,0x00000000dcb00000)
  from space 11264K, 99% used [0x00000000dcb00000,0x00000000dd5f9f08,0x00000000dd600000)
  to   space 8704K, 0% used [0x00000000dd600000,0x00000000dd600000,0x00000000dde80000)
 ParOldGen       total 98304K, used 20481K [0x0000000085800000, 0x000000008b800000, 0x00000000d7300000)
  object space 98304K, 20% used [0x0000000085800000,0x0000000086c005e8,0x000000008b800000)
 Metaspace       used 48546K, capacity 50920K, committed 51288K, reserved 1093632K
  class space    used 6551K, capacity 6955K, committed 7000K, reserved 1048576K
}

