# JRE version: Java(TM) SE Runtime Environment (8.0_361) (build 1.8.0_361-b09)
# Java VM: Java HotSpot(TM) 64-Bit Server VM (25.361-b09 mixed mode windows-amd64 compressed oops)
Heap:
 PSYoungGen      total 151040K, used 26083K [0x00000000d7300000, 0x00000000e3780000, 0x0000000100000000)
  eden space 137728K, 9% used [0x00000000d7300000,0x00000000d7f7cc28,0x00000000df980000)
  from space 13312K, 99% used [0x00000000df980000,0x00000000e067c148,0x00000000e0680000)
  to   space 15872K, 0% used [0x00000000e2800000,0x00000000e2800000,0x00000000e3780000)
 ParOldGen       total 90112K, used 18915K [0x0000000085800000, 0x000000008b000000, 0x00000000d7300000)
  object space 90112K, 20% used [0x0000000085800000,0x0000000086a78d48,0x000000008b000000)
 Metaspace       used 50613K, capacity 53548K, committed 53680K, reserved 1095680K
  class space    used 6810K, capacity 7341K, committed 7344K, reserved 1048576K
GC Heap History (10 events):
Event: 2.168 GC heap before
{Heap before GC invocations=7 (full 1):
 PSYoungGen      total 68608K, used 68596K [0x00000000d7300000, 0x00000000de380000, 0x0000000100000000)
  eden space 63488K, 100% used [0x00000000d7300000,0x00000000db100000,0x00000000db100000)
  from space 5120K, 99% used [0x00000000db100000,0x00000000db5fd310,0x00000000db600000)
  to   space 8704K, 0% used [0x00000000ddb00000,0x00000000ddb00000,0x00000000de380000)
 ParOldGen       total 56320K, used 9581K [0x0000000085800000, 0x0000000088f00000, 0x00000000d7300000)
  object space 56320K, 17% used [0x0000000085800000,0x000000008615b628,0x0000000088f00000)
 Metaspace       used 28378K, capacity 30304K, committed 30512K, reserved 1075200K
  class space    used 3732K, capacity 4120K, committed 4144K, reserved 1048576K
Event: 2.175 GC heap after
Heap after GC invocations=7 (full 1):
 PSYoungGen      total 104448K, used 8055K [0x00000000d7300000, 0x00000000de380000, 0x0000000100000000)
  eden space 95744K, 0% used [0x00000000d7300000,0x00000000d7300000,0x00000000dd080000)
  from space 8704K, 92% used [0x00000000ddb00000,0x00000000de2dde70,0x00000000de380000)
  to   space 9728K, 0% used [0x00000000dd080000,0x00000000dd080000,0x00000000dda00000)
 ParOldGen       total 56320K, used 9589K [0x0000000085800000, 0x0000000088f00000, 0x00000000d7300000)
  object space 56320K, 17% used [0x0000000085800000,0x000000008615d628,0x0000000088f00000)
 Metaspace       used 28378K, capacity 30304K, committed 30512K, reserved 1075200K
  class space    used 3732K, capacity 4120K, committed 4144K, reserved 1048576K
}
Event: 2.622 GC heap before
{Heap before GC invocations=8 (full 1):
 PSYoungGen      total 104448K, used 65285K [0x00000000d7300000, 0x00000000de380000, 0x0000000100000000)
  eden space 95744K, 59% used [0x00000000d7300000,0x00000000daae36d0,0x00000000dd080000)
  from space 8704K, 92% used [0x00000000ddb00000,0x00000000de2dde70,0x00000000de380000)
  to   space 9728K, 0% used [0x00000000dd080000,0x00000000dd080000,0x00000000dda00000)
 ParOldGen       total 56320K, used 9589K [0x0000000085800000, 0x0000000088f00000, 0x00000000d7300000)
  object space 56320K, 17% used [0x0000000085800000,0x000000008615d628,0x0000000088f00000)
 Metaspace       used 33251K, capacity 35434K, committed 35496K, reserved 1079296K
  class space    used 4484K, capacity 4888K, committed 4912K, reserved 1048576K
Event: 2.629 GC heap after
Heap after GC invocations=8 (full 1):
 PSYoungGen      total 105472K, used 9709K [0x00000000d7300000, 0x00000000e1380000, 0x0000000100000000)
  eden space 95744K, 0% used [0x00000000d7300000,0x00000000d7300000,0x00000000dd080000)
  from space 9728K, 99% used [0x00000000dd080000,0x00000000dd9fb6e8,0x00000000dda00000)
  to   space 10752K, 0% used [0x00000000e0900000,0x00000000e0900000,0x00000000e1380000)
 ParOldGen       total 56320K, used 9630K [0x0000000085800000, 0x0000000088f00000, 0x00000000d7300000)
  object space 56320K, 17% used [0x0000000085800000,0x0000000086167b10,0x0000000088f00000)
 Metaspace       used 33251K, capacity 35434K, committed 35496K, reserved 1079296K
  class space    used 4484K, capacity 4888K, committed 4912K, reserved 1048576K
}
Event: 2.629 GC heap before
{Heap before GC invocations=9 (full 2):
 PSYoungGen      total 105472K, used 9709K [0x00000000d7300000, 0x00000000e1380000, 0x0000000100000000)
  eden space 95744K, 0% used [0x00000000d7300000,0x00000000d7300000,0x00000000dd080000)
  from space 9728K, 99% used [0x00000000dd080000,0x00000000dd9fb6e8,0x00000000dda00000)
  to   space 10752K, 0% used [0x00000000e0900000,0x00000000e0900000,0x00000000e1380000)
 ParOldGen       total 56320K, used 9630K [0x0000000085800000, 0x0000000088f00000, 0x00000000d7300000)
  object space 56320K, 17% used [0x0000000085800000,0x0000000086167b10,0x0000000088f00000)
 Metaspace       used 33251K, capacity 35434K, committed 35496K, reserved 1079296K
  class space    used 4484K, capacity 4888K, committed 4912K, reserved 1048576K
Event: 2.673 GC heap after
Heap after GC invocations=9 (full 2):
 PSYoungGen      total 105472K, used 0K [0x00000000d7300000, 0x00000000e1380000, 0x0000000100000000)
  eden space 95744K, 0% used [0x00000000d7300000,0x00000000d7300000,0x00000000dd080000)
  from space 9728K, 0% used [0x00000000dd080000,0x00000000dd080000,0x00000000dda00000)
  to   space 10752K, 0% used [0x00000000e0900000,0x00000000e0900000,0x00000000e1380000)
 ParOldGen       total 90112K, used 13934K [0x0000000085800000, 0x000000008b000000, 0x00000000d7300000)
  object space 90112K, 15% used [0x0000000085800000,0x000000008659ba60,0x000000008b000000)
 Metaspace       used 33251K, capacity 35434K, committed 35496K, reserved 1079296K
  class space    used 4484K, capacity 4888K, committed 4912K, reserved 1048576K
}
Event: 3.983 GC heap before
{Heap before GC invocations=10 (full 2):
 PSYoungGen      total 105472K, used 95744K [0x00000000d7300000, 0x00000000e1380000, 0x0000000100000000)
  eden space 95744K, 100% used [0x00000000d7300000,0x00000000dd080000,0x00000000dd080000)
  from space 9728K, 0% used [0x00000000dd080000,0x00000000dd080000,0x00000000dda00000)
  to   space 10752K, 0% used [0x00000000e0900000,0x00000000e0900000,0x00000000e1380000)
 ParOldGen       total 90112K, used 13934K [0x0000000085800000, 0x000000008b000000, 0x00000000d7300000)
  object space 90112K, 15% used [0x0000000085800000,0x000000008659ba60,0x000000008b000000)
 Metaspace       used 46770K, capacity 49386K, committed 49584K, reserved 1091584K
  class space    used 6264K, capacity 6744K, committed 6832K, reserved 1048576K
Event: 3.996 GC heap after
Heap after GC invocations=10 (full 2):
 PSYoungGen      total 144384K, used 10723K [0x00000000d7300000, 0x00000000e1380000, 0x0000000100000000)
  eden space 133632K, 0% used [0x00000000d7300000,0x00000000d7300000,0x00000000df580000)
  from space 10752K, 99% used [0x00000000e0900000,0x00000000e1378eb0,0x00000000e1380000)
  to   space 13312K, 0% used [0x00000000df980000,0x00000000df980000,0x00000000e0680000)
 ParOldGen       total 90112K, used 17335K [0x0000000085800000, 0x000000008b000000, 0x00000000d7300000)
  object space 90112K, 19% used [0x0000000085800000,0x00000000868edd00,0x000000008b000000)
 Metaspace       used 46770K, capacity 49386K, committed 49584K, reserved 1091584K
  class space    used 6264K, capacity 6744K, committed 6832K, reserved 1048576K
}
Event: 4.681 GC heap before
{Heap before GC invocations=11 (full 2):
 PSYoungGen      total 144384K, used 144355K [0x00000000d7300000, 0x00000000e1380000, 0x0000000100000000)
  eden space 133632K, 100% used [0x00000000d7300000,0x00000000df580000,0x00000000df580000)
  from space 10752K, 99% used [0x00000000e0900000,0x00000000e1378eb0,0x00000000e1380000)
  to   space 13312K, 0% used [0x00000000df980000,0x00000000df980000,0x00000000e0680000)
 ParOldGen       total 90112K, used 17335K [0x0000000085800000, 0x000000008b000000, 0x00000000d7300000)
  object space 90112K, 19% used [0x0000000085800000,0x00000000868edd00,0x000000008b000000)
 Metaspace       used 49953K, capacity 52868K, committed 53168K, reserved 1095680K
  class space    used 6720K, capacity 7243K, committed 7344K, reserved 1048576K
Event: 4.701 GC heap after
Heap after GC invocations=11 (full 2):
 PSYoungGen      total 151040K, used 13296K [0x00000000d7300000, 0x00000000e3780000, 0x0000000100000000)
  eden space 137728K, 0% used [0x00000000d7300000,0x00000000d7300000,0x00000000df980000)
  from space 13312K, 99% used [0x00000000df980000,0x00000000e067c148,0x00000000e0680000)
  to   space 15872K, 0% used [0x00000000e2800000,0x00000000e2800000,0x00000000e3780000)
 ParOldGen       total 90112K, used 18915K [0x0000000085800000, 0x000000008b000000, 0x00000000d7300000)
  object space 90112K, 20% used [0x0000000085800000,0x0000000086a78d48,0x000000008b000000)
 Metaspace       used 49953K, capacity 52868K, committed 53168K, reserved 1095680K
  class space    used 6720K, capacity 7243K, committed 7344K, reserved 1048576K
}

