# JRE version: Java(TM) SE Runtime Environment (8.0_361) (build 1.8.0_361-b09)
# Java VM: Java HotSpot(TM) 64-Bit Server VM (25.361-b09 mixed mode windows-amd64 compressed oops)
Heap:
 PSYoungGen      total 72192K, used 21013K [0x00000000d7300000, 0x00000000dde80000, 0x0000000100000000)
  eden space 63488K, 33% used [0x00000000d7300000,0x00000000d87855c0,0x00000000db100000)
  from space 8704K, 0% used [0x00000000dd600000,0x00000000dd600000,0x00000000dde80000)
  to   space 5120K, 0% used [0x00000000db100000,0x00000000db100000,0x00000000db600000)
 ParOldGen       total 59392K, used 15765K [0x0000000085800000, 0x0000000089200000, 0x00000000d7300000)
  object space 59392K, 26% used [0x0000000085800000,0x00000000867656b0,0x0000000089200000)
 Metaspace       used 36343K, capacity 38492K, committed 38872K, reserved 1083392K
  class space    used 4886K, capacity 5250K, committed 5336K, reserved 1048576K
GC Heap History (10 events):
Event: 1.425 GC heap before
{Heap before GC invocations=4 (full 0):
 PSYoungGen      total 36864K, used 27518K [0x00000000d7300000, 0x00000000dbb00000, 0x0000000100000000)
  eden space 31744K, 70% used [0x00000000d7300000,0x00000000d88e54e0,0x00000000d9200000)
  from space 5120K, 99% used [0x00000000d9200000,0x00000000d96fa570,0x00000000d9700000)
  to   space 5120K, 0% used [0x00000000db600000,0x00000000db600000,0x00000000dbb00000)
 ParOldGen       total 84992K, used 4424K [0x0000000085800000, 0x000000008ab00000, 0x00000000d7300000)
  object space 84992K, 5% used [0x0000000085800000,0x0000000085c523a0,0x000000008ab00000)
 Metaspace       used 20323K, capacity 21172K, committed 21248K, reserved 1067008K
  class space    used 2530K, capacity 2750K, committed 2816K, reserved 1048576K
Event: 1.431 GC heap after
Heap after GC invocations=4 (full 0):
 PSYoungGen      total 68608K, used 5088K [0x00000000d7300000, 0x00000000dbb00000, 0x0000000100000000)
  eden space 63488K, 0% used [0x00000000d7300000,0x00000000d7300000,0x00000000db100000)
  from space 5120K, 99% used [0x00000000db600000,0x00000000dbaf8330,0x00000000dbb00000)
  to   space 5120K, 0% used [0x00000000db100000,0x00000000db100000,0x00000000db600000)
 ParOldGen       total 84992K, used 6395K [0x0000000085800000, 0x000000008ab00000, 0x00000000d7300000)
  object space 84992K, 7% used [0x0000000085800000,0x0000000085e3ef10,0x000000008ab00000)
 Metaspace       used 20323K, capacity 21172K, committed 21248K, reserved 1067008K
  class space    used 2530K, capacity 2750K, committed 2816K, reserved 1048576K
}
Event: 1.431 GC heap before
{Heap before GC invocations=5 (full 1):
 PSYoungGen      total 68608K, used 5088K [0x00000000d7300000, 0x00000000dbb00000, 0x0000000100000000)
  eden space 63488K, 0% used [0x00000000d7300000,0x00000000d7300000,0x00000000db100000)
  from space 5120K, 99% used [0x00000000db600000,0x00000000dbaf8330,0x00000000dbb00000)
  to   space 5120K, 0% used [0x00000000db100000,0x00000000db100000,0x00000000db600000)
 ParOldGen       total 84992K, used 6395K [0x0000000085800000, 0x000000008ab00000, 0x00000000d7300000)
  object space 84992K, 7% used [0x0000000085800000,0x0000000085e3ef10,0x000000008ab00000)
 Metaspace       used 20323K, capacity 21172K, committed 21248K, reserved 1067008K
  class space    used 2530K, capacity 2750K, committed 2816K, reserved 1048576K
Event: 1.457 GC heap after
Heap after GC invocations=5 (full 1):
 PSYoungGen      total 68608K, used 0K [0x00000000d7300000, 0x00000000dbb00000, 0x0000000100000000)
  eden space 63488K, 0% used [0x00000000d7300000,0x00000000d7300000,0x00000000db100000)
  from space 5120K, 0% used [0x00000000db600000,0x00000000db600000,0x00000000dbb00000)
  to   space 5120K, 0% used [0x00000000db100000,0x00000000db100000,0x00000000db600000)
 ParOldGen       total 59392K, used 6979K [0x0000000085800000, 0x0000000089200000, 0x00000000d7300000)
  object space 59392K, 11% used [0x0000000085800000,0x0000000085ed0c50,0x0000000089200000)
 Metaspace       used 20323K, capacity 21172K, committed 21248K, reserved 1067008K
  class space    used 2530K, capacity 2750K, committed 2816K, reserved 1048576K
}
Event: 2.134 GC heap before
{Heap before GC invocations=6 (full 1):
 PSYoungGen      total 68608K, used 63488K [0x00000000d7300000, 0x00000000dbb00000, 0x0000000100000000)
  eden space 63488K, 100% used [0x00000000d7300000,0x00000000db100000,0x00000000db100000)
  from space 5120K, 0% used [0x00000000db600000,0x00000000db600000,0x00000000dbb00000)
  to   space 5120K, 0% used [0x00000000db100000,0x00000000db100000,0x00000000db600000)
 ParOldGen       total 59392K, used 6979K [0x0000000085800000, 0x0000000089200000, 0x00000000d7300000)
  object space 59392K, 11% used [0x0000000085800000,0x0000000085ed0c50,0x0000000089200000)
 Metaspace       used 25116K, capacity 26440K, committed 26624K, reserved 1073152K
  class space    used 3226K, capacity 3510K, committed 3584K, reserved 1048576K
Event: 2.142 GC heap after
Heap after GC invocations=6 (full 1):
 PSYoungGen      total 68608K, used 5114K [0x00000000d7300000, 0x00000000dde80000, 0x0000000100000000)
  eden space 63488K, 0% used [0x00000000d7300000,0x00000000d7300000,0x00000000db100000)
  from space 5120K, 99% used [0x00000000db100000,0x00000000db5fea28,0x00000000db600000)
  to   space 8704K, 0% used [0x00000000dd600000,0x00000000dd600000,0x00000000dde80000)
 ParOldGen       total 59392K, used 9223K [0x0000000085800000, 0x0000000089200000, 0x00000000d7300000)
  object space 59392K, 15% used [0x0000000085800000,0x0000000086101cf0,0x0000000089200000)
 Metaspace       used 25116K, capacity 26440K, committed 26624K, reserved 1073152K
  class space    used 3226K, capacity 3510K, committed 3584K, reserved 1048576K
}
Event: 3.214 GC heap before
{Heap before GC invocations=7 (full 1):
 PSYoungGen      total 68608K, used 66449K [0x00000000d7300000, 0x00000000dde80000, 0x0000000100000000)
  eden space 63488K, 96% used [0x00000000d7300000,0x00000000daee5db8,0x00000000db100000)
  from space 5120K, 99% used [0x00000000db100000,0x00000000db5fea28,0x00000000db600000)
  to   space 8704K, 0% used [0x00000000dd600000,0x00000000dd600000,0x00000000dde80000)
 ParOldGen       total 59392K, used 9223K [0x0000000085800000, 0x0000000089200000, 0x00000000d7300000)
  object space 59392K, 15% used [0x0000000085800000,0x0000000086101cf0,0x0000000089200000)
 Metaspace       used 33303K, capacity 35344K, committed 35416K, reserved 1079296K
  class space    used 4304K, capacity 4671K, committed 4696K, reserved 1048576K
Event: 3.226 GC heap after
Heap after GC invocations=7 (full 1):
 PSYoungGen      total 72192K, used 8700K [0x00000000d7300000, 0x00000000dde80000, 0x0000000100000000)
  eden space 63488K, 0% used [0x00000000d7300000,0x00000000d7300000,0x00000000db100000)
  from space 8704K, 99% used [0x00000000dd600000,0x00000000dde7f250,0x00000000dde80000)
  to   space 5120K, 0% used [0x00000000db100000,0x00000000db100000,0x00000000db600000)
 ParOldGen       total 59392K, used 11954K [0x0000000085800000, 0x0000000089200000, 0x00000000d7300000)
  object space 59392K, 20% used [0x0000000085800000,0x00000000863ac9e8,0x0000000089200000)
 Metaspace       used 33303K, capacity 35344K, committed 35416K, reserved 1079296K
  class space    used 4304K, capacity 4671K, committed 4696K, reserved 1048576K
}
Event: 3.226 GC heap before
{Heap before GC invocations=8 (full 2):
 PSYoungGen      total 72192K, used 8700K [0x00000000d7300000, 0x00000000dde80000, 0x0000000100000000)
  eden space 63488K, 0% used [0x00000000d7300000,0x00000000d7300000,0x00000000db100000)
  from space 8704K, 99% used [0x00000000dd600000,0x00000000dde7f250,0x00000000dde80000)
  to   space 5120K, 0% used [0x00000000db100000,0x00000000db100000,0x00000000db600000)
 ParOldGen       total 59392K, used 11954K [0x0000000085800000, 0x0000000089200000, 0x00000000d7300000)
  object space 59392K, 20% used [0x0000000085800000,0x00000000863ac9e8,0x0000000089200000)
 Metaspace       used 33303K, capacity 35344K, committed 35416K, reserved 1079296K
  class space    used 4304K, capacity 4671K, committed 4696K, reserved 1048576K
Event: 3.275 GC heap after
Heap after GC invocations=8 (full 2):
 PSYoungGen      total 72192K, used 0K [0x00000000d7300000, 0x00000000dde80000, 0x0000000100000000)
  eden space 63488K, 0% used [0x00000000d7300000,0x00000000d7300000,0x00000000db100000)
  from space 8704K, 0% used [0x00000000dd600000,0x00000000dd600000,0x00000000dde80000)
  to   space 5120K, 0% used [0x00000000db100000,0x00000000db100000,0x00000000db600000)
 ParOldGen       total 59392K, used 15765K [0x0000000085800000, 0x0000000089200000, 0x00000000d7300000)
  object space 59392K, 26% used [0x0000000085800000,0x00000000867656b0,0x0000000089200000)
 Metaspace       used 33303K, capacity 35344K, committed 35416K, reserved 1079296K
  class space    used 4304K, capacity 4671K, committed 4696K, reserved 1048576K
}

